Command line:
   portOu_isim_beh.exe
     -simmode  gui
     -simrunnum  1
     -socket  53823

Fri Aug 31 16:24:01 2018


 Elaboration Time: 0.02 sec

 Current Memory Usage: 223.375 Meg

 Total Signals          : 3
 Total Nets             : 12
 Total Signal Drivers   : 1
 Total Blocks           : 2
 Total Primitive Blocks : 2
 Total Processes        : 1
 Total Traceable Variables  : 8
 Total Scalar Nets and Variables : 372
Total Line Count : 1
Total Line Count : 1

 Total Simulation Time: 0.21 sec

 Current Memory Usage: 298.877 Meg

Fri Aug 31 16:30:50 2018

