Command line:
   Somador4Bits_isim_beh.exe
     -simmode  gui
     -simrunnum  1
     -socket  40797

Fri Sep 14 16:14:01 2018


 Elaboration Time: 0.04 sec

 Current Memory Usage: 221.323 Meg

 Total Signals          : 29
 Total Nets             : 18
 Total Signal Drivers   : 9
 Total Blocks           : 6
 Total Primitive Blocks : 5
 Total Processes        : 9
 Total Traceable Variables  : 8
 Total Scalar Nets and Variables : 378
Total Line Count : 9

 Total Simulation Time: 0.05 sec

 Current Memory Usage: 296.825 Meg

Fri Sep 14 16:14:17 2018

