Command line:
   somador8Bits_isim_beh.exe
     -simmode  gui
     -simrunnum  0
     -socket  60309

Mon Sep 17 20:33:20 2018


 Elaboration Time: 0.06 sec

 Current Memory Usage: 215.052 Meg

 Total Signals          : 66
 Total Nets             : 37
 Total Signal Drivers   : 19
 Total Blocks           : 12
 Total Primitive Blocks : 9
 Total Processes        : 19
 Total Traceable Variables  : 8
 Total Scalar Nets and Variables : 397
Total Line Count : 19
Total Line Count : 19

 Total Simulation Time: 0.12 sec

 Current Memory Usage: 290.554 Meg

Mon Sep 17 20:40:11 2018

