Command line:
   Somador1Bit_isim_beh.exe
     -simmode  gui
     -simrunnum  0
     -socket  42837

Wed Aug 29 20:30:26 2018


 Elaboration Time: 0.03 sec

 Current Memory Usage: 223.375 Meg

 Total Signals          : 5
 Total Nets             : 5
 Total Signal Drivers   : 2
 Total Blocks           : 2
 Total Primitive Blocks : 2
 Total Processes        : 2
 Total Traceable Variables  : 8
 Total Scalar Nets and Variables : 365
Total Line Count : 2
Total Line Count : 2
Total Line Count : 2

 Total Simulation Time: 0.35 sec

 Current Memory Usage: 298.877 Meg

Wed Aug 29 20:50:45 2018

