Command line:
   Inversor_isim_beh.exe
     -simmode  gui
     -simrunnum  0
     -socket  35823

Fri Aug 31 16:16:32 2018


 Elaboration Time: 0.03 sec

 Current Memory Usage: 223.24 Meg

 Total Signals          : 2
 Total Nets             : 8
 Total Signal Drivers   : 1
 Total Blocks           : 2
 Total Primitive Blocks : 2
 Total Processes        : 1
 Total Traceable Variables  : 8
 Total Scalar Nets and Variables : 368
Total Line Count : 1

 Total Simulation Time: 0.06 sec

 Current Memory Usage: 298.742 Meg

Fri Aug 31 16:46:49 2018

