Release 14.7 - xst P.20131013 (lin64)
Copyright (c) 1995-2013 Xilinx, Inc.  All rights reserved.
--> 
Parameter TMPDIR set to xst/projnav.tmp


Total REAL time to Xst completion: 0.00 secs
Total CPU time to Xst completion: 0.06 secs
 
--> 
Parameter xsthdpdir set to xst


Total REAL time to Xst completion: 0.00 secs
Total CPU time to Xst completion: 0.06 secs
 
--> 
Reading design: contador.prj

TABLE OF CONTENTS
  1) Synthesis Options Summary
  2) HDL Compilation
  3) Design Hierarchy Analysis
  4) HDL Analysis
  5) HDL Synthesis
     5.1) HDL Synthesis Report
  6) Advanced HDL Synthesis
     6.1) Advanced HDL Synthesis Report
  7) Low Level Synthesis
  8) Partition Report
  9) Final Report
	9.1) Device utilization summary
	9.2) Partition Resource Summary
	9.3) TIMING REPORT


=========================================================================
*                      Synthesis Options Summary                        *
=========================================================================
---- Source Parameters
Input File Name                    : "contador.prj"
Input Format                       : mixed
Ignore Synthesis Constraint File   : NO

---- Target Parameters
Output File Name                   : "contador"
Output Format                      : NGC
Target Device                      : xc3s700an-4-fgg484

---- Source Options
Top Module Name                    : contador
Automatic FSM Extraction           : YES
FSM Encoding Algorithm             : Auto
Safe Implementation                : No
FSM Style                          : LUT
RAM Extraction                     : Yes
RAM Style                          : Auto
ROM Extraction                     : Yes
Mux Style                          : Auto
Decoder Extraction                 : YES
Priority Encoder Extraction        : Yes
Shift Register Extraction          : YES
Logical Shifter Extraction         : YES
XOR Collapsing                     : YES
ROM Style                          : Auto
Mux Extraction                     : Yes
Resource Sharing                   : YES
Asynchronous To Synchronous        : NO
Multiplier Style                   : Auto
Automatic Register Balancing       : No

---- Target Options
Add IO Buffers                     : YES
Global Maximum Fanout              : 100000
Add Generic Clock Buffer(BUFG)     : 24
Register Duplication               : YES
Slice Packing                      : YES
Optimize Instantiated Primitives   : NO
Use Clock Enable                   : Yes
Use Synchronous Set                : Yes
Use Synchronous Reset              : Yes
Pack IO Registers into IOBs        : Auto
Equivalent register Removal        : YES

---- General Options
Optimization Goal                  : Speed
Optimization Effort                : 1
Keep Hierarchy                     : No
Netlist Hierarchy                  : As_Optimized
RTL Output                         : Yes
Global Optimization                : AllClockNets
Read Cores                         : YES
Write Timing Constraints           : NO
Cross Clock Analysis               : NO
Hierarchy Separator                : /
Bus Delimiter                      : <>
Case Specifier                     : Maintain
Slice Utilization Ratio            : 100
BRAM Utilization Ratio             : 100
Verilog 2001                       : YES
Auto BRAM Packing                  : NO
Slice Utilization Ratio Delta      : 5

=========================================================================


=========================================================================
*                          HDL Compilation                              *
=========================================================================
Compiling vhdl file "/home/juan/Documents/Sistemas_digitais/Projeto1/contador.vhd" in Library work.
Entity <contador> compiled.
Entity <contador> (Architecture <contadorarch>) compiled.

=========================================================================
*                     Design Hierarchy Analysis                         *
=========================================================================
Analyzing hierarchy for entity <contador> in library <work> (architecture <contadorarch>).


=========================================================================
*                            HDL Analysis                               *
=========================================================================
Analyzing Entity <contador> in library <work> (Architecture <contadorarch>).
Entity <contador> analyzed. Unit <contador> generated.


=========================================================================
*                           HDL Synthesis                               *
=========================================================================

Performing bidirectional port resolution...

Synthesizing Unit <contador>.
    Related source file is "/home/juan/Documents/Sistemas_digitais/Projeto1/contador.vhd".
    Found 1-bit register for signal <saida>.
    Found 25-bit up counter for signal <prescaler_counter>.
    Found 25-bit comparator greater for signal <prescaler_counter$cmp_gt0000> created at line 55.
    Summary:
	inferred   1 Counter(s).
	inferred   1 D-type flip-flop(s).
	inferred   1 Comparator(s).
Unit <contador> synthesized.


=========================================================================
HDL Synthesis Report

Macro Statistics
# Counters                                             : 1
 25-bit up counter                                     : 1
# Registers                                            : 1
 1-bit register                                        : 1
# Comparators                                          : 1
 25-bit comparator greater                             : 1

=========================================================================

=========================================================================
*                       Advanced HDL Synthesis                          *
=========================================================================


=========================================================================
Advanced HDL Synthesis Report

Macro Statistics
# Counters                                             : 1
 25-bit up counter                                     : 1
# Registers                                            : 1
 Flip-Flops                                            : 1
# Comparators                                          : 1
 25-bit comparator greater                             : 1

=========================================================================

=========================================================================
*                         Low Level Synthesis                           *
=========================================================================

Optimizing unit <contador> ...

Mapping all equations...
Building and optimizing final netlist ...
Found area constraint ratio of 100 (+ 5) on block contador, actual ratio is 0.

Final Macro Processing ...

=========================================================================
Final Register Report

Macro Statistics
# Registers                                            : 26
 Flip-Flops                                            : 26

=========================================================================

=========================================================================
*                           Partition Report                            *
=========================================================================

Partition Implementation Status
-------------------------------

  No Partitions were found in this design.

-------------------------------

=========================================================================
*                            Final Report                               *
=========================================================================
Final Results
RTL Top Level Output File Name     : contador.ngr
Top Level Output File Name         : contador
Output Format                      : NGC
Optimization Goal                  : Speed
Keep Hierarchy                     : No

Design Statistics
# IOs                              : 2

Cell Usage :
# BELS                             : 101
#      GND                         : 1
#      INV                         : 5
#      LUT1                        : 28
#      LUT2                        : 1
#      LUT4                        : 4
#      MUXCY                       : 36
#      VCC                         : 1
#      XORCY                       : 25
# FlipFlops/Latches                : 26
#      FDR                         : 26
# Clock Buffers                    : 1
#      BUFGP                       : 1
# IO Buffers                       : 1
#      OBUF                        : 1
=========================================================================

Device utilization summary:
---------------------------

Selected Device : 3s700anfgg484-4 

 Number of Slices:                       21  out of   5888     0%  
 Number of Slice Flip Flops:             26  out of  11776     0%  
 Number of 4 input LUTs:                 38  out of  11776     0%  
 Number of IOs:                           2
 Number of bonded IOBs:                   2  out of    372     0%  
 Number of GCLKs:                         1  out of     24     4%  

---------------------------
Partition Resource Summary:
---------------------------

  No Partitions were found in this design.

---------------------------


=========================================================================
TIMING REPORT

NOTE: THESE TIMING NUMBERS ARE ONLY A SYNTHESIS ESTIMATE.
      FOR ACCURATE TIMING INFORMATION PLEASE REFER TO THE TRACE REPORT
      GENERATED AFTER PLACE-and-ROUTE.

Clock Information:
------------------
-----------------------------------+------------------------+-------+
Clock Signal                       | Clock buffer(FF name)  | Load  |
-----------------------------------+------------------------+-------+
CLK                                | BUFGP                  | 26    |
-----------------------------------+------------------------+-------+

Asynchronous Control Signals Information:
----------------------------------------
No asynchronous control signals found in this design

Timing Summary:
---------------
Speed Grade: -4

   Minimum period: 6.476ns (Maximum Frequency: 154.416MHz)
   Minimum input arrival time before clock: No path found
   Maximum output required time after clock: 5.531ns
   Maximum combinational path delay: No path found

Timing Detail:
--------------
All values displayed in nanoseconds (ns)

=========================================================================
Timing constraint: Default period analysis for Clock 'CLK'
  Clock period: 6.476ns (frequency: 154.416MHz)
  Total number of paths / destination ports: 975 / 51
-------------------------------------------------------------------------
Delay:               6.476ns (Levels of Logic = 14)
  Source:            prescaler_counter_0 (FF)
  Destination:       prescaler_counter_0 (FF)
  Source Clock:      CLK rising
  Destination Clock: CLK rising

  Data Path: prescaler_counter_0 to prescaler_counter_0
                                Gate     Net
    Cell:in->out      fanout   Delay   Delay  Logical Name (Net Name)
    ----------------------------------------  ------------
     FDR:C->Q              2   0.591   0.590  prescaler_counter_0 (prescaler_counter_0)
     LUT4:I0->O            1   0.648   0.000  Mcompar_prescaler_counter_cmp_gt0000_lut<0> (Mcompar_prescaler_counter_cmp_gt0000_lut<0>)
     MUXCY:S->O            1   0.632   0.000  Mcompar_prescaler_counter_cmp_gt0000_cy<0> (Mcompar_prescaler_counter_cmp_gt0000_cy<0>)
     MUXCY:CI->O           1   0.065   0.000  Mcompar_prescaler_counter_cmp_gt0000_cy<1> (Mcompar_prescaler_counter_cmp_gt0000_cy<1>)
     MUXCY:CI->O           1   0.065   0.000  Mcompar_prescaler_counter_cmp_gt0000_cy<2> (Mcompar_prescaler_counter_cmp_gt0000_cy<2>)
     MUXCY:CI->O           1   0.065   0.000  Mcompar_prescaler_counter_cmp_gt0000_cy<3> (Mcompar_prescaler_counter_cmp_gt0000_cy<3>)
     MUXCY:CI->O           1   0.065   0.000  Mcompar_prescaler_counter_cmp_gt0000_cy<4> (Mcompar_prescaler_counter_cmp_gt0000_cy<4>)
     MUXCY:CI->O           1   0.065   0.000  Mcompar_prescaler_counter_cmp_gt0000_cy<5> (Mcompar_prescaler_counter_cmp_gt0000_cy<5>)
     MUXCY:CI->O           1   0.065   0.000  Mcompar_prescaler_counter_cmp_gt0000_cy<6> (Mcompar_prescaler_counter_cmp_gt0000_cy<6>)
     MUXCY:CI->O           1   0.065   0.000  Mcompar_prescaler_counter_cmp_gt0000_cy<7> (Mcompar_prescaler_counter_cmp_gt0000_cy<7>)
     MUXCY:CI->O           1   0.065   0.000  Mcompar_prescaler_counter_cmp_gt0000_cy<8> (Mcompar_prescaler_counter_cmp_gt0000_cy<8>)
     MUXCY:CI->O           1   0.065   0.000  Mcompar_prescaler_counter_cmp_gt0000_cy<9> (Mcompar_prescaler_counter_cmp_gt0000_cy<9>)
     MUXCY:CI->O           1   0.065   0.000  Mcompar_prescaler_counter_cmp_gt0000_cy<10> (Mcompar_prescaler_counter_cmp_gt0000_cy<10>)
     MUXCY:CI->O           2   0.141   0.447  Mcompar_prescaler_counter_cmp_gt0000_cy<11> (Mcompar_prescaler_counter_cmp_gt0000_cy<11>)
     INV:I->O             25   0.648   1.260  Mcompar_prescaler_counter_cmp_gt0000_cy<11>_inv_INV_0 (prescaler_counter_cmp_gt0000)
     FDR:R                     0.869          prescaler_counter_0
    ----------------------------------------
    Total                      6.476ns (4.179ns logic, 2.297ns route)
                                       (64.5% logic, 35.5% route)

=========================================================================
Timing constraint: Default OFFSET OUT AFTER for Clock 'CLK'
  Total number of paths / destination ports: 1 / 1
-------------------------------------------------------------------------
Offset:              5.531ns (Levels of Logic = 1)
  Source:            saida (FF)
  Destination:       saida (PAD)
  Source Clock:      CLK rising

  Data Path: saida to saida
                                Gate     Net
    Cell:in->out      fanout   Delay   Delay  Logical Name (Net Name)
    ----------------------------------------  ------------
     FDR:C->Q              1   0.591   0.420  saida (saida_OBUF)
     OBUF:I->O                 4.520          saida_OBUF (saida)
    ----------------------------------------
    Total                      5.531ns (5.111ns logic, 0.420ns route)
                                       (92.4% logic, 7.6% route)

=========================================================================


Total REAL time to Xst completion: 4.00 secs
Total CPU time to Xst completion: 4.68 secs
 
--> 


Total memory usage is 502628 kilobytes

Number of errors   :    0 (   0 filtered)
Number of warnings :    0 (   0 filtered)
Number of infos    :    0 (   0 filtered)

