Running: /opt/Xilinx/14.7/ISE_DS/ISE/bin/lin64/unwrapped/fuse -relaunch -intstyle "ise" -incremental -o "/home/juan/Documents/Sistemas_digitais/Projeto1/contador_isim_beh.exe" -prj "/home/juan/Documents/Sistemas_digitais/Projeto1/contador_beh.prj" "work.contador" 
ISim P.20131013 (signature 0xfbc00daa)
Number of CPUs detected in this system: 4
Turning on mult-threading, number of parallel sub-compilation jobs: 8 
Determining compilation order of HDL files
Parsing VHDL file "/home/juan/Documents/Sistemas_digitais/Projeto1/contador.vhd" into library work
Starting static elaboration
Completed static elaboration
Fuse Memory Usage: 87084 KB
Fuse CPU Usage: 1480 ms
Compiling package standard
Compiling package std_logic_1164
Compiling package numeric_std
Compiling architecture contadorarch of entity contador
Time Resolution for simulation is 1ps.
Waiting for 1 sub-compilation(s) to finish...
Compiled 4 VHDL Units
Built simulation executable /home/juan/Documents/Sistemas_digitais/Projeto1/contador_isim_beh.exe
Fuse Memory Usage: 659180 KB
Fuse CPU Usage: 1580 ms
GCC CPU Usage: 200 ms
