ISim log file
Running: /home/juan/Documents/Sistemas_digitais/Projeto1/Somador1Bit_isim_beh.exe -intstyle ise -gui -tclbatch isim.cmd -wdb /home/juan/Documents/Sistemas_digitais/Projeto1/Somador1Bit_isim_beh.wdb 
ISim P.20131013 (signature 0xfbc00daa)
WARNING: A WEBPACK license was found.
WARNING: Please use Xilinx License Configuration Manager to check out a full ISim license.
WARNING: ISim will run in Lite mode. Please refer to the ISim documentation for more information on the differences between the Lite and the Full version.
This is a Lite version of ISim.
Time resolution is 1 ps
# onerror resume
# wave add /
# run 1000 ns
Simulator is doing circuit initialization process.
Finished circuit initialization process.
# run all
# run all
# run all
# isim force add /somador1bit/numa 0 -radix bin -value 1 -radix bin -time 1 us -repeat 2 us -cancel 16 us
# isim force add /somador1bit/numa 0 -radix bin -value 1 -radix bin -time 1 us -repeat 2 us -cancel 16 us
# run all
# run all
# run all
# run all
# isim force add /somador1bit/numa 0 -radix bin -value 1 -radix bin -time 1 us -repeat 2 us -cancel 16 us
# run all
# run all
# run all
# run all
# isim force add /somador1bit/numb 0 -radix bin -value 0 -radix bin -time 500 fs -repeat 1 ps -cancel 1 ps
# run all
# isim force add /somador1bit/numb 0 -radix bin -value 1 -radix bin -time 1 us -repeat 2 us -cancel 16 us
# run all
# isim force add /somador1bit/numb 0 -radix bin -value 1 -radix bin -time 1 us -repeat 2 us -cancel 16 us
# isim force add /somador1bit/numb 0 -radix bin -value 1 -radix bin -time 1 us -repeat 2 us -cancel 16 us
# isim force add /somador1bit/numb 0 -radix bin -value 1 -radix bin -time 1 us -repeat 2 us -cancel 16 us
# run all
# isim force add /somador1bit/numb 0 -radix bin -value 1 -radix bin -time 2 us -repeat 4 us -cancel 16 us
# isim force add /somador1bit/numb 0 -radix bin -value 1 -radix bin -time 2 us -repeat 4 us -cancel 16 us
# run all
# isim force remove /somador1bit/numb
Signal was not forced.
# run all
# isim force remove /somador1bit/numb
Signal was not forced.
# isim force remove /somador1bit/numb
Signal was not forced.
# isim force remove /somador1bit/numb
Signal was not forced.
# isim force remove /somador1bit/numb
Signal was not forced.
# isim force remove /somador1bit/numb
Signal was not forced.
# isim force remove /somador1bit/numb
Signal was not forced.
# restart
# isim force add /somador1bit/numa 0 -radix bin -value 1 -radix bin -time 1 us -repeat 2 us -cancel 16 us
# isim force add /somador1bit/numb 0 -radix bin -value 1 -radix bin -time 2 us -repeat 4 us -cancel 16 us
# run all
Simulator is doing circuit initialization process.
Finished circuit initialization process.
# isim force add /somador1bit/carryin 0 -radix bin -value 0 -radix bin -time 8 us -repeat 16 us -cancel 16 us
# run all
# isim force add /somador1bit/carryin 0 -radix bin -value 0 -radix bin -time 8 us -repeat 16 us -cancel 16 us
# run all
# run all
# restart
# isim force add /somador1bit/numa 0 -radix bin -value 1 -radix bin -time 1 us -repeat 2 us -cancel 16 us
# isim force add /somador1bit/numb 0 -radix bin -value 1 -radix bin -time 2 us -repeat 4 us -cancel 16 us
# isim force add /somador1bit/carryIn 0 -radix bin -value 0 -radix bin -time 8 us -repeat 16 us -cancel 16 us
# run all
Simulator is doing circuit initialization process.
Finished circuit initialization process.
# exit 0
