--------------------------------------------------------------------------------
Release 14.7 Trace  (lin64)
Copyright (c) 1995-2013 Xilinx, Inc.  All rights reserved.

/opt/Xilinx/14.7/ISE_DS/ISE/bin/lin64/unwrapped/trce -intstyle ise -v 3 -s 4 -n
3 -fastpaths -xml multiplicador.twx multiplicador.ncd -o multiplicador.twr
multiplicador.pcf

Design file:              multiplicador.ncd
Physical constraint file: multiplicador.pcf
Device,package,speed:     xc3s700an,fgg484,-4 (PRODUCTION 1.42 2013-10-13)
Report level:             verbose report

Environment Variable      Effect 
--------------------      ------ 
NONE                      No environment variables were set
--------------------------------------------------------------------------------

INFO:Timing:2698 - No timing constraints found, doing default enumeration.
INFO:Timing:3412 - To improve timing, see the Timing Closure User Guide (UG612).
INFO:Timing:2752 - To get complete path coverage, use the unconstrained paths 
   option. All paths that are not constrained will be reported in the 
   unconstrained paths section(s) of the report.
INFO:Timing:3339 - The clock-to-out numbers in this timing report are based on 
   a 50 Ohm transmission line loading model.  For the details of this model, 
   and for more information on accounting for different loading conditions, 
   please see the device datasheet.
INFO:Timing:3390 - This architecture does not support a default System Jitter 
   value, please add SYSTEM_JITTER constraint to the UCF to modify the Clock 
   Uncertainty calculation.
INFO:Timing:3389 - This architecture does not support 'Discrete Jitter' and 
   'Phase Error' calculations, these terms will be zero in the Clock 
   Uncertainty calculation.  Please make appropriate modification to 
   SYSTEM_JITTER to account for the unsupported Discrete Jitter and Phase 
   Error.



Data Sheet report:
-----------------
All values displayed in nanoseconds (ns)

Pad to Pad
---------------+---------------+---------+
Source Pad     |Destination Pad|  Delay  |
---------------+---------------+---------+
entradaA<0>    |saida<0>       |    6.928|
entradaA<0>    |saida<1>       |    7.105|
entradaA<0>    |saida<2>       |    8.765|
entradaA<0>    |saida<3>       |   10.184|
entradaA<0>    |saida<4>       |   11.436|
entradaA<0>    |saida<5>       |   11.909|
entradaA<0>    |saida<6>       |   13.280|
entradaA<0>    |saida<7>       |   12.710|
entradaA<1>    |saida<1>       |    6.561|
entradaA<1>    |saida<2>       |    8.664|
entradaA<1>    |saida<3>       |    9.940|
entradaA<1>    |saida<4>       |   11.192|
entradaA<1>    |saida<5>       |   11.665|
entradaA<1>    |saida<6>       |   13.036|
entradaA<1>    |saida<7>       |   12.466|
entradaA<2>    |saida<2>       |    8.273|
entradaA<2>    |saida<3>       |    9.535|
entradaA<2>    |saida<4>       |   10.787|
entradaA<2>    |saida<5>       |   11.260|
entradaA<2>    |saida<6>       |   12.631|
entradaA<2>    |saida<7>       |   12.061|
entradaA<3>    |saida<3>       |    9.438|
entradaA<3>    |saida<4>       |   10.690|
entradaA<3>    |saida<5>       |   11.163|
entradaA<3>    |saida<6>       |   12.534|
entradaA<3>    |saida<7>       |   11.964|
entradaB<0>    |saida<0>       |    6.540|
entradaB<0>    |saida<1>       |    6.515|
entradaB<0>    |saida<2>       |    8.604|
entradaB<0>    |saida<3>       |   10.023|
entradaB<0>    |saida<4>       |   11.275|
entradaB<0>    |saida<5>       |   11.748|
entradaB<0>    |saida<6>       |   13.119|
entradaB<0>    |saida<7>       |   12.549|
entradaB<1>    |saida<1>       |    6.435|
entradaB<1>    |saida<2>       |    9.030|
entradaB<1>    |saida<3>       |   10.337|
entradaB<1>    |saida<4>       |   11.589|
entradaB<1>    |saida<5>       |   12.062|
entradaB<1>    |saida<6>       |   13.433|
entradaB<1>    |saida<7>       |   12.863|
entradaB<2>    |saida<2>       |    6.619|
entradaB<2>    |saida<3>       |    8.412|
entradaB<2>    |saida<4>       |    9.663|
entradaB<2>    |saida<5>       |   10.136|
entradaB<2>    |saida<6>       |   11.507|
entradaB<2>    |saida<7>       |   10.937|
entradaB<3>    |saida<3>       |    8.279|
entradaB<3>    |saida<4>       |    9.710|
entradaB<3>    |saida<5>       |   10.604|
entradaB<3>    |saida<6>       |   11.374|
entradaB<3>    |saida<7>       |   10.804|
---------------+---------------+---------+


Analysis completed Fri Sep 21 15:06:15 2018 
--------------------------------------------------------------------------------

Trace Settings:
-------------------------
Trace Settings 

Peak Memory Usage: 367 MB



