Release 14.7 - xst P.20131013 (lin64)
Copyright (c) 1995-2013 Xilinx, Inc.  All rights reserved.
--> 
Parameter TMPDIR set to xst/projnav.tmp


Total REAL time to Xst completion: 0.00 secs
Total CPU time to Xst completion: 0.06 secs
 
--> 
Parameter xsthdpdir set to xst


Total REAL time to Xst completion: 0.00 secs
Total CPU time to Xst completion: 0.06 secs
 
--> 
Reading design: ULA.prj

TABLE OF CONTENTS
  1) Synthesis Options Summary
  2) HDL Compilation
  3) Design Hierarchy Analysis
  4) HDL Analysis
  5) HDL Synthesis
     5.1) HDL Synthesis Report
  6) Advanced HDL Synthesis
     6.1) Advanced HDL Synthesis Report
  7) Low Level Synthesis
  8) Partition Report
  9) Final Report
	9.1) Device utilization summary
	9.2) Partition Resource Summary
	9.3) TIMING REPORT


=========================================================================
*                      Synthesis Options Summary                        *
=========================================================================
---- Source Parameters
Input File Name                    : "ULA.prj"
Input Format                       : mixed
Ignore Synthesis Constraint File   : NO

---- Target Parameters
Output File Name                   : "ULA"
Output Format                      : NGC
Target Device                      : xc3s700an-4-fgg484

---- Source Options
Top Module Name                    : ULA
Automatic FSM Extraction           : YES
FSM Encoding Algorithm             : Auto
Safe Implementation                : No
FSM Style                          : LUT
RAM Extraction                     : Yes
RAM Style                          : Auto
ROM Extraction                     : Yes
Mux Style                          : Auto
Decoder Extraction                 : YES
Priority Encoder Extraction        : Yes
Shift Register Extraction          : YES
Logical Shifter Extraction         : YES
XOR Collapsing                     : YES
ROM Style                          : Auto
Mux Extraction                     : Yes
Resource Sharing                   : YES
Asynchronous To Synchronous        : NO
Multiplier Style                   : Auto
Automatic Register Balancing       : No

---- Target Options
Add IO Buffers                     : YES
Global Maximum Fanout              : 100000
Add Generic Clock Buffer(BUFG)     : 24
Register Duplication               : YES
Slice Packing                      : YES
Optimize Instantiated Primitives   : NO
Use Clock Enable                   : Yes
Use Synchronous Set                : Yes
Use Synchronous Reset              : Yes
Pack IO Registers into IOBs        : Auto
Equivalent register Removal        : YES

---- General Options
Optimization Goal                  : Speed
Optimization Effort                : 1
Keep Hierarchy                     : No
Netlist Hierarchy                  : As_Optimized
RTL Output                         : Yes
Global Optimization                : AllClockNets
Read Cores                         : YES
Write Timing Constraints           : NO
Cross Clock Analysis               : NO
Hierarchy Separator                : /
Bus Delimiter                      : <>
Case Specifier                     : Maintain
Slice Utilization Ratio            : 100
BRAM Utilization Ratio             : 100
Verilog 2001                       : YES
Auto BRAM Packing                  : NO
Slice Utilization Ratio Delta      : 5

=========================================================================


=========================================================================
*                          HDL Compilation                              *
=========================================================================
Compiling vhdl file "/home/juan/Documents/Sistemas_digitais/Projeto1/moduloPrincipal.vhd" in Library work.
Architecture somador1bitarch of Entity somador1bit is up to date.
Compiling vhdl file "/home/juan/Documents/Sistemas_digitais/Projeto1/Somador4Bits.vhd" in Library work.
Architecture somador4bitsarch of Entity somador4bits is up to date.
Compiling vhdl file "/home/juan/Documents/Sistemas_digitais/Projeto1/ULA.vhd" in Library work.
Entity <ula> compiled.
Entity <ula> (Architecture <ulaarch>) compiled.

=========================================================================
*                     Design Hierarchy Analysis                         *
=========================================================================
Analyzing hierarchy for entity <ULA> in library <work> (architecture <ulaarch>).

Analyzing hierarchy for entity <Somador4Bits> in library <work> (architecture <somador4bitsarch>).

Analyzing hierarchy for entity <Somador1Bit> in library <work> (architecture <somador1bitarch>).


=========================================================================
*                            HDL Analysis                               *
=========================================================================
Analyzing Entity <ULA> in library <work> (Architecture <ulaarch>).
WARNING:Xst:819 - "/home/juan/Documents/Sistemas_digitais/Projeto1/ULA.vhd" line 109: One or more signals are missing in the process sensitivity list. To enable synthesis of FPGA/CPLD hardware, XST will assume that all necessary signals are present in the sensitivity list. Please note that the result of the synthesis may differ from the initial design specification. The missing signals are:
   <entradaA>, <entradaB>
Entity <ULA> analyzed. Unit <ULA> generated.

Analyzing Entity <Somador4Bits> in library <work> (Architecture <somador4bitsarch>).
Entity <Somador4Bits> analyzed. Unit <Somador4Bits> generated.

Analyzing Entity <Somador1Bit> in library <work> (Architecture <somador1bitarch>).
Entity <Somador1Bit> analyzed. Unit <Somador1Bit> generated.


=========================================================================
*                           HDL Synthesis                               *
=========================================================================

Performing bidirectional port resolution...

Synthesizing Unit <Somador1Bit>.
    Related source file is "/home/juan/Documents/Sistemas_digitais/Projeto1/moduloPrincipal.vhd".
    Found 1-bit xor2 for signal <resultado>.
    Found 1-bit xor2 for signal <carryOut$xor0000> created at line 45.
Unit <Somador1Bit> synthesized.


Synthesizing Unit <Somador4Bits>.
    Related source file is "/home/juan/Documents/Sistemas_digitais/Projeto1/Somador4Bits.vhd".
Unit <Somador4Bits> synthesized.


Synthesizing Unit <ULA>.
    Related source file is "/home/juan/Documents/Sistemas_digitais/Projeto1/ULA.vhd".
WARNING:Xst:1306 - Output <saida<7:4>> is never assigned.
WARNING:Xst:1306 - Output <overflow> is never assigned.
WARNING:Xst:653 - Signal <carryInSomador> is used but never assigned. This sourceless signal will be automatically connected to value 0.
WARNING:Xst:737 - Found 4-bit latch for signal <entradaSomadorA>. Latches may be generated from incomplete case or if statements. We do not recommend the use of latches in FPGA/CPLD designs, as they may lead to timing problems.
WARNING:Xst:737 - Found 4-bit latch for signal <entradaSomadorB>. Latches may be generated from incomplete case or if statements. We do not recommend the use of latches in FPGA/CPLD designs, as they may lead to timing problems.
Unit <ULA> synthesized.


=========================================================================
HDL Synthesis Report

Macro Statistics
# Latches                                              : 2
 4-bit latch                                           : 2
# Xors                                                 : 8
 1-bit xor2                                            : 8

=========================================================================

=========================================================================
*                       Advanced HDL Synthesis                          *
=========================================================================


=========================================================================
Advanced HDL Synthesis Report

Macro Statistics
# Latches                                              : 2
 4-bit latch                                           : 2
# Xors                                                 : 8
 1-bit xor2                                            : 8

=========================================================================

=========================================================================
*                         Low Level Synthesis                           *
=========================================================================

Optimizing unit <ULA> ...

Mapping all equations...
Building and optimizing final netlist ...
Found area constraint ratio of 100 (+ 5) on block ULA, actual ratio is 0.

Final Macro Processing ...

=========================================================================
Final Register Report

Found no macro
=========================================================================

=========================================================================
*                           Partition Report                            *
=========================================================================

Partition Implementation Status
-------------------------------

  No Partitions were found in this design.

-------------------------------

=========================================================================
*                            Final Report                               *
=========================================================================
Final Results
RTL Top Level Output File Name     : ULA.ngr
Top Level Output File Name         : ULA
Output Format                      : NGC
Optimization Goal                  : Speed
Keep Hierarchy                     : No

Design Statistics
# IOs                              : 22

Cell Usage :
# BELS                             : 8
#      LUT2                        : 1
#      LUT3                        : 4
#      LUT4                        : 3
# FlipFlops/Latches                : 8
#      LD_1                        : 8
# IO Buffers                       : 17
#      IBUF                        : 12
#      OBUF                        : 5
=========================================================================

Device utilization summary:
---------------------------

Selected Device : 3s700anfgg484-4 

 Number of Slices:                        4  out of   5888     0%  
 Number of 4 input LUTs:                  8  out of  11776     0%  
 Number of IOs:                          22
 Number of bonded IOBs:                  17  out of    372     4%  
    IOB Flip Flops:                       8

---------------------------
Partition Resource Summary:
---------------------------

  No Partitions were found in this design.

---------------------------


=========================================================================
TIMING REPORT

NOTE: THESE TIMING NUMBERS ARE ONLY A SYNTHESIS ESTIMATE.
      FOR ACCURATE TIMING INFORMATION PLEASE REFER TO THE TRACE REPORT
      GENERATED AFTER PLACE-and-ROUTE.

Clock Information:
------------------
---------------------------------------------------+---------------------------+-------+
Clock Signal                                       | Clock buffer(FF name)     | Load  |
---------------------------------------------------+---------------------------+-------+
entradaSomadorA_not0001(entradaSomadorA_not00011:O)| NONE(*)(entradaSomadorB_0)| 8     |
---------------------------------------------------+---------------------------+-------+
(*) This 1 clock signal(s) are generated by combinatorial logic,
and XST is not able to identify which are the primary clock signals.
Please use the CLOCK_SIGNAL constraint to specify the clock signal(s) generated by combinatorial logic.
INFO:Xst:2169 - HDL ADVISOR - Some clock signals were not automatically buffered by XST with BUFG/BUFR resources. Please use the buffer_type constraint in order to insert these buffers to the clock signals to help prevent skew problems.

Asynchronous Control Signals Information:
----------------------------------------
No asynchronous control signals found in this design

Timing Summary:
---------------
Speed Grade: -4

   Minimum period: No path found
   Minimum input arrival time before clock: 1.521ns
   Maximum output required time after clock: 9.262ns
   Maximum combinational path delay: No path found

Timing Detail:
--------------
All values displayed in nanoseconds (ns)

=========================================================================
Timing constraint: Default OFFSET IN BEFORE for Clock 'entradaSomadorA_not0001'
  Total number of paths / destination ports: 8 / 8
-------------------------------------------------------------------------
Offset:              1.521ns (Levels of Logic = 1)
  Source:            entradaB<0> (PAD)
  Destination:       entradaSomadorB_0 (LATCH)
  Destination Clock: entradaSomadorA_not0001 rising

  Data Path: entradaB<0> to entradaSomadorB_0
                                Gate     Net
    Cell:in->out      fanout   Delay   Delay  Logical Name (Net Name)
    ----------------------------------------  ------------
     IBUF:I->O             1   0.849   0.420  entradaB_0_IBUF (entradaB_0_IBUF)
     LD_1:D                    0.252          entradaSomadorB_0
    ----------------------------------------
    Total                      1.521ns (1.101ns logic, 0.420ns route)
                                       (72.4% logic, 27.6% route)

=========================================================================
Timing constraint: Default OFFSET OUT AFTER for Clock 'entradaSomadorA_not0001'
  Total number of paths / destination ports: 28 / 5
-------------------------------------------------------------------------
Offset:              9.262ns (Levels of Logic = 4)
  Source:            entradaSomadorA_0 (LATCH)
  Destination:       carryOut (PAD)
  Source Clock:      entradaSomadorA_not0001 rising

  Data Path: entradaSomadorA_0 to carryOut
                                Gate     Net
    Cell:in->out      fanout   Delay   Delay  Logical Name (Net Name)
    ----------------------------------------  ------------
     LD_1:G->Q             3   0.728   0.611  entradaSomadorA_0 (entradaSomadorA_0)
     LUT4:I1->O            2   0.643   0.527  somador/somador2/carryOut1 (somador/carryOut1)
     LUT3:I1->O            2   0.643   0.527  somador/somador3/carryOut1 (somador/carryOut2)
     LUT3:I1->O            1   0.643   0.420  somador/somador4/carryOut1 (carryOut_OBUF)
     OBUF:I->O                 4.520          carryOut_OBUF (carryOut)
    ----------------------------------------
    Total                      9.262ns (7.177ns logic, 2.085ns route)
                                       (77.5% logic, 22.5% route)

=========================================================================


Total REAL time to Xst completion: 4.00 secs
Total CPU time to Xst completion: 4.11 secs
 
--> 


Total memory usage is 503312 kilobytes

Number of errors   :    0 (   0 filtered)
Number of warnings :    6 (   0 filtered)
Number of infos    :    1 (   0 filtered)

