Command line:
   multiplicador_isim_beh.exe
     -simmode  gui
     -simrunnum  1
     -socket  55535

Thu Oct 11 22:06:52 2018


 Elaboration Time: 0.04 sec

 Current Memory Usage: 212.967 Meg

 Total Signals          : 211
 Total Nets             : 101
 Total Signal Drivers   : 61
 Total Blocks           : 35
 Total Primitive Blocks : 25
 Total Processes        : 58
 Total Traceable Variables  : 8
 Total Scalar Nets and Variables : 461
Total Line Count : 69

 Total Simulation Time: 0.1 sec

 Current Memory Usage: 288.469 Meg

Thu Oct 11 22:08:47 2018

