Release 14.7 - xst P.20131013 (lin64)
Copyright (c) 1995-2013 Xilinx, Inc.  All rights reserved.
--> 
Parameter TMPDIR set to xst/projnav.tmp


Total REAL time to Xst completion: 0.00 secs
Total CPU time to Xst completion: 0.05 secs
 
--> 
Parameter xsthdpdir set to xst


Total REAL time to Xst completion: 0.00 secs
Total CPU time to Xst completion: 0.05 secs
 
--> 
Reading design: contador.prj

TABLE OF CONTENTS
  1) Synthesis Options Summary
  2) HDL Compilation
  3) Design Hierarchy Analysis
  4) HDL Analysis
  5) HDL Synthesis
     5.1) HDL Synthesis Report
  6) Advanced HDL Synthesis
     6.1) Advanced HDL Synthesis Report
  7) Low Level Synthesis
  8) Partition Report
  9) Final Report
	9.1) Device utilization summary
	9.2) Partition Resource Summary
	9.3) TIMING REPORT


=========================================================================
*                      Synthesis Options Summary                        *
=========================================================================
---- Source Parameters
Input File Name                    : "contador.prj"
Input Format                       : mixed
Ignore Synthesis Constraint File   : NO

---- Target Parameters
Output File Name                   : "contador"
Output Format                      : NGC
Target Device                      : xc3s700an-4-fgg484

---- Source Options
Top Module Name                    : contador
Automatic FSM Extraction           : YES
FSM Encoding Algorithm             : Auto
Safe Implementation                : No
FSM Style                          : LUT
RAM Extraction                     : Yes
RAM Style                          : Auto
ROM Extraction                     : Yes
Mux Style                          : Auto
Decoder Extraction                 : YES
Priority Encoder Extraction        : Yes
Shift Register Extraction          : YES
Logical Shifter Extraction         : YES
XOR Collapsing                     : YES
ROM Style                          : Auto
Mux Extraction                     : Yes
Resource Sharing                   : YES
Asynchronous To Synchronous        : NO
Multiplier Style                   : Auto
Automatic Register Balancing       : No

---- Target Options
Add IO Buffers                     : YES
Global Maximum Fanout              : 500
Add Generic Clock Buffer(BUFG)     : 24
Register Duplication               : YES
Slice Packing                      : YES
Optimize Instantiated Primitives   : NO
Use Clock Enable                   : Yes
Use Synchronous Set                : Yes
Use Synchronous Reset              : Yes
Pack IO Registers into IOBs        : Auto
Equivalent register Removal        : YES

---- General Options
Optimization Goal                  : Speed
Optimization Effort                : 1
Keep Hierarchy                     : No
Netlist Hierarchy                  : As_Optimized
RTL Output                         : Yes
Global Optimization                : AllClockNets
Read Cores                         : YES
Write Timing Constraints           : NO
Cross Clock Analysis               : NO
Hierarchy Separator                : /
Bus Delimiter                      : <>
Case Specifier                     : Maintain
Slice Utilization Ratio            : 100
BRAM Utilization Ratio             : 100
Verilog 2001                       : YES
Auto BRAM Packing                  : NO
Slice Utilization Ratio Delta      : 5

=========================================================================


=========================================================================
*                          HDL Compilation                              *
=========================================================================
Compiling vhdl file "/home/juan/Documents/Sistemas_digitais/Projeto1/contador.vhd" in Library work.
Entity <contador> compiled.
Entity <contador> (Architecture <contadorarch>) compiled.

=========================================================================
*                     Design Hierarchy Analysis                         *
=========================================================================
Analyzing hierarchy for entity <contador> in library <work> (architecture <contadorarch>).


=========================================================================
*                            HDL Analysis                               *
=========================================================================
Analyzing Entity <contador> in library <work> (Architecture <contadorarch>).
Entity <contador> analyzed. Unit <contador> generated.


=========================================================================
*                           HDL Synthesis                               *
=========================================================================

Performing bidirectional port resolution...

Synthesizing Unit <contador>.
    Related source file is "/home/juan/Documents/Sistemas_digitais/Projeto1/contador.vhd".
    Found 1-bit register for signal <saida>.
    Found 32-bit adder for signal <$add0000> created at line 55.
    Found 32-bit register for signal <intern_value>.
    Summary:
	inferred  33 D-type flip-flop(s).
	inferred   1 Adder/Subtractor(s).
Unit <contador> synthesized.


=========================================================================
HDL Synthesis Report

Macro Statistics
# Adders/Subtractors                                   : 1
 32-bit adder                                          : 1
# Registers                                            : 2
 1-bit register                                        : 1
 32-bit register                                       : 1

=========================================================================

=========================================================================
*                       Advanced HDL Synthesis                          *
=========================================================================

WARNING:Xst:1293 - FF/Latch <intern_value_31> has a constant value of 0 in block <contador>. This FF/Latch will be trimmed during the optimization process.
WARNING:Xst:1896 - Due to other FF/Latch trimming, FF/Latch <intern_value_30> has a constant value of 0 in block <contador>. This FF/Latch will be trimmed during the optimization process.
WARNING:Xst:1896 - Due to other FF/Latch trimming, FF/Latch <intern_value_29> has a constant value of 0 in block <contador>. This FF/Latch will be trimmed during the optimization process.
WARNING:Xst:1896 - Due to other FF/Latch trimming, FF/Latch <intern_value_28> has a constant value of 0 in block <contador>. This FF/Latch will be trimmed during the optimization process.
WARNING:Xst:1896 - Due to other FF/Latch trimming, FF/Latch <intern_value_27> has a constant value of 0 in block <contador>. This FF/Latch will be trimmed during the optimization process.
WARNING:Xst:1896 - Due to other FF/Latch trimming, FF/Latch <intern_value_26> has a constant value of 0 in block <contador>. This FF/Latch will be trimmed during the optimization process.
WARNING:Xst:1896 - Due to other FF/Latch trimming, FF/Latch <intern_value_25> has a constant value of 0 in block <contador>. This FF/Latch will be trimmed during the optimization process.
WARNING:Xst:1896 - Due to other FF/Latch trimming, FF/Latch <intern_value_24> has a constant value of 0 in block <contador>. This FF/Latch will be trimmed during the optimization process.
WARNING:Xst:1896 - Due to other FF/Latch trimming, FF/Latch <intern_value_23> has a constant value of 0 in block <contador>. This FF/Latch will be trimmed during the optimization process.
WARNING:Xst:1896 - Due to other FF/Latch trimming, FF/Latch <intern_value_22> has a constant value of 0 in block <contador>. This FF/Latch will be trimmed during the optimization process.
WARNING:Xst:1896 - Due to other FF/Latch trimming, FF/Latch <intern_value_21> has a constant value of 0 in block <contador>. This FF/Latch will be trimmed during the optimization process.
WARNING:Xst:1896 - Due to other FF/Latch trimming, FF/Latch <intern_value_20> has a constant value of 0 in block <contador>. This FF/Latch will be trimmed during the optimization process.
WARNING:Xst:1896 - Due to other FF/Latch trimming, FF/Latch <intern_value_19> has a constant value of 0 in block <contador>. This FF/Latch will be trimmed during the optimization process.
WARNING:Xst:1896 - Due to other FF/Latch trimming, FF/Latch <intern_value_18> has a constant value of 0 in block <contador>. This FF/Latch will be trimmed during the optimization process.
WARNING:Xst:1896 - Due to other FF/Latch trimming, FF/Latch <intern_value_17> has a constant value of 0 in block <contador>. This FF/Latch will be trimmed during the optimization process.
WARNING:Xst:1896 - Due to other FF/Latch trimming, FF/Latch <intern_value_16> has a constant value of 0 in block <contador>. This FF/Latch will be trimmed during the optimization process.
WARNING:Xst:1896 - Due to other FF/Latch trimming, FF/Latch <intern_value_15> has a constant value of 0 in block <contador>. This FF/Latch will be trimmed during the optimization process.
WARNING:Xst:1896 - Due to other FF/Latch trimming, FF/Latch <intern_value_14> has a constant value of 0 in block <contador>. This FF/Latch will be trimmed during the optimization process.
WARNING:Xst:1896 - Due to other FF/Latch trimming, FF/Latch <intern_value_13> has a constant value of 0 in block <contador>. This FF/Latch will be trimmed during the optimization process.
WARNING:Xst:1896 - Due to other FF/Latch trimming, FF/Latch <intern_value_12> has a constant value of 0 in block <contador>. This FF/Latch will be trimmed during the optimization process.
WARNING:Xst:1896 - Due to other FF/Latch trimming, FF/Latch <intern_value_11> has a constant value of 0 in block <contador>. This FF/Latch will be trimmed during the optimization process.
WARNING:Xst:1896 - Due to other FF/Latch trimming, FF/Latch <intern_value_10> has a constant value of 0 in block <contador>. This FF/Latch will be trimmed during the optimization process.
WARNING:Xst:1896 - Due to other FF/Latch trimming, FF/Latch <intern_value_9> has a constant value of 0 in block <contador>. This FF/Latch will be trimmed during the optimization process.
WARNING:Xst:1896 - Due to other FF/Latch trimming, FF/Latch <intern_value_8> has a constant value of 0 in block <contador>. This FF/Latch will be trimmed during the optimization process.
WARNING:Xst:1896 - Due to other FF/Latch trimming, FF/Latch <intern_value_7> has a constant value of 0 in block <contador>. This FF/Latch will be trimmed during the optimization process.
WARNING:Xst:1896 - Due to other FF/Latch trimming, FF/Latch <intern_value_6> has a constant value of 0 in block <contador>. This FF/Latch will be trimmed during the optimization process.
WARNING:Xst:1896 - Due to other FF/Latch trimming, FF/Latch <intern_value_5> has a constant value of 0 in block <contador>. This FF/Latch will be trimmed during the optimization process.
WARNING:Xst:2677 - Node <intern_value_5> of sequential type is unconnected in block <contador>.
WARNING:Xst:2677 - Node <intern_value_6> of sequential type is unconnected in block <contador>.
WARNING:Xst:2677 - Node <intern_value_7> of sequential type is unconnected in block <contador>.
WARNING:Xst:2677 - Node <intern_value_8> of sequential type is unconnected in block <contador>.
WARNING:Xst:2677 - Node <intern_value_9> of sequential type is unconnected in block <contador>.
WARNING:Xst:2677 - Node <intern_value_10> of sequential type is unconnected in block <contador>.
WARNING:Xst:2677 - Node <intern_value_11> of sequential type is unconnected in block <contador>.
WARNING:Xst:2677 - Node <intern_value_12> of sequential type is unconnected in block <contador>.
WARNING:Xst:2677 - Node <intern_value_13> of sequential type is unconnected in block <contador>.
WARNING:Xst:2677 - Node <intern_value_14> of sequential type is unconnected in block <contador>.
WARNING:Xst:2677 - Node <intern_value_15> of sequential type is unconnected in block <contador>.
WARNING:Xst:2677 - Node <intern_value_16> of sequential type is unconnected in block <contador>.
WARNING:Xst:2677 - Node <intern_value_17> of sequential type is unconnected in block <contador>.
WARNING:Xst:2677 - Node <intern_value_18> of sequential type is unconnected in block <contador>.
WARNING:Xst:2677 - Node <intern_value_19> of sequential type is unconnected in block <contador>.
WARNING:Xst:2677 - Node <intern_value_20> of sequential type is unconnected in block <contador>.
WARNING:Xst:2677 - Node <intern_value_21> of sequential type is unconnected in block <contador>.
WARNING:Xst:2677 - Node <intern_value_22> of sequential type is unconnected in block <contador>.
WARNING:Xst:2677 - Node <intern_value_23> of sequential type is unconnected in block <contador>.
WARNING:Xst:2677 - Node <intern_value_24> of sequential type is unconnected in block <contador>.
WARNING:Xst:2677 - Node <intern_value_25> of sequential type is unconnected in block <contador>.
WARNING:Xst:2677 - Node <intern_value_26> of sequential type is unconnected in block <contador>.
WARNING:Xst:2677 - Node <intern_value_27> of sequential type is unconnected in block <contador>.
WARNING:Xst:2677 - Node <intern_value_28> of sequential type is unconnected in block <contador>.
WARNING:Xst:2677 - Node <intern_value_29> of sequential type is unconnected in block <contador>.
WARNING:Xst:2677 - Node <intern_value_30> of sequential type is unconnected in block <contador>.
WARNING:Xst:2677 - Node <intern_value_31> of sequential type is unconnected in block <contador>.

=========================================================================
Advanced HDL Synthesis Report

Macro Statistics
# Adders/Subtractors                                   : 1
 5-bit adder                                           : 1
# Registers                                            : 6
 Flip-Flops                                            : 6

=========================================================================

=========================================================================
*                         Low Level Synthesis                           *
=========================================================================

Optimizing unit <contador> ...

Mapping all equations...
Building and optimizing final netlist ...
Found area constraint ratio of 100 (+ 5) on block contador, actual ratio is 0.

Final Macro Processing ...

=========================================================================
Final Register Report

Macro Statistics
# Registers                                            : 6
 Flip-Flops                                            : 6

=========================================================================

=========================================================================
*                           Partition Report                            *
=========================================================================

Partition Implementation Status
-------------------------------

  No Partitions were found in this design.

-------------------------------

=========================================================================
*                            Final Report                               *
=========================================================================
Final Results
RTL Top Level Output File Name     : contador.ngr
Top Level Output File Name         : contador
Output Format                      : NGC
Optimization Goal                  : Speed
Keep Hierarchy                     : No

Design Statistics
# IOs                              : 2

Cell Usage :
# BELS                             : 8
#      LUT2                        : 1
#      LUT2_L                      : 1
#      LUT3                        : 2
#      LUT3_L                      : 1
#      LUT4                        : 2
#      VCC                         : 1
# FlipFlops/Latches                : 6
#      FD                          : 4
#      FDR                         : 2
# Clock Buffers                    : 1
#      BUFGP                       : 1
# IO Buffers                       : 1
#      OBUF                        : 1
=========================================================================

Device utilization summary:
---------------------------

Selected Device : 3s700anfgg484-4 

 Number of Slices:                        4  out of   5888     0%  
 Number of Slice Flip Flops:              6  out of  11776     0%  
 Number of 4 input LUTs:                  7  out of  11776     0%  
 Number of IOs:                           2
 Number of bonded IOBs:                   2  out of    372     0%  
 Number of GCLKs:                         1  out of     24     4%  

---------------------------
Partition Resource Summary:
---------------------------

  No Partitions were found in this design.

---------------------------


=========================================================================
TIMING REPORT

NOTE: THESE TIMING NUMBERS ARE ONLY A SYNTHESIS ESTIMATE.
      FOR ACCURATE TIMING INFORMATION PLEASE REFER TO THE TRACE REPORT
      GENERATED AFTER PLACE-and-ROUTE.

Clock Information:
------------------
-----------------------------------+------------------------+-------+
Clock Signal                       | Clock buffer(FF name)  | Load  |
-----------------------------------+------------------------+-------+
CLK                                | BUFGP                  | 6     |
-----------------------------------+------------------------+-------+

Asynchronous Control Signals Information:
----------------------------------------
No asynchronous control signals found in this design

Timing Summary:
---------------
Speed Grade: -4

   Minimum period: 4.055ns (Maximum Frequency: 246.609MHz)
   Minimum input arrival time before clock: No path found
   Maximum output required time after clock: 5.531ns
   Maximum combinational path delay: No path found

Timing Detail:
--------------
All values displayed in nanoseconds (ns)

=========================================================================
Timing constraint: Default period analysis for Clock 'CLK'
  Clock period: 4.055ns (frequency: 246.609MHz)
  Total number of paths / destination ports: 20 / 6
-------------------------------------------------------------------------
Delay:               4.055ns (Levels of Logic = 2)
  Source:            intern_value_1 (FF)
  Destination:       saida (FF)
  Source Clock:      CLK rising
  Destination Clock: CLK rising

  Data Path: intern_value_1 to saida
                                Gate     Net
    Cell:in->out      fanout   Delay   Delay  Logical Name (Net Name)
    ----------------------------------------  ------------
     FD:C->Q               5   0.591   0.776  intern_value_1 (intern_value_1)
     LUT2_L:I0->LO         1   0.648   0.103  saida_not0001_SW1 (N5)
     LUT4:I3->O            1   0.648   0.420  saida_not0001 (saida_not0001)
     FDR:R                     0.869          saida
    ----------------------------------------
    Total                      4.055ns (2.756ns logic, 1.299ns route)
                                       (68.0% logic, 32.0% route)

=========================================================================
Timing constraint: Default OFFSET OUT AFTER for Clock 'CLK'
  Total number of paths / destination ports: 1 / 1
-------------------------------------------------------------------------
Offset:              5.531ns (Levels of Logic = 1)
  Source:            saida (FF)
  Destination:       saida (PAD)
  Source Clock:      CLK rising

  Data Path: saida to saida
                                Gate     Net
    Cell:in->out      fanout   Delay   Delay  Logical Name (Net Name)
    ----------------------------------------  ------------
     FDR:C->Q              1   0.591   0.420  saida (saida_OBUF)
     OBUF:I->O                 4.520          saida_OBUF (saida)
    ----------------------------------------
    Total                      5.531ns (5.111ns logic, 0.420ns route)
                                       (92.4% logic, 7.6% route)

=========================================================================


Total REAL time to Xst completion: 4.00 secs
Total CPU time to Xst completion: 3.77 secs
 
--> 


Total memory usage is 502564 kilobytes

Number of errors   :    0 (   0 filtered)
Number of warnings :   54 (   0 filtered)
Number of infos    :    0 (   0 filtered)

