Command line:
   ULA_isim_beh.exe
     -simmode  gui
     -simrunnum  0
     -socket  34483

Mon Oct  8 20:43:47 2018


 Elaboration Time: 0.04 sec

 Current Memory Usage: 212.963 Meg

 Total Signals          : 38
 Total Nets             : 35
 Total Signal Drivers   : 13
 Total Blocks           : 7
 Total Primitive Blocks : 5
 Total Processes        : 10
 Total Traceable Variables  : 8
 Total Scalar Nets and Variables : 395
Total Line Count : 12

 Total Simulation Time: 0.09 sec

 Current Memory Usage: 288.465 Meg

Mon Oct  8 20:47:36 2018

